INFO:     Will watch for changes in these directories: ['C:\\Users\\matri\\FINALCKP\\backend']
INFO:     Uvicorn running on http://127.0.0.1:5000 (Press CTRL+C to quit)
INFO:     Started reloader process [26712] using StatReload
INFO:     Started server process [22328]
INFO:     Waiting for application startup.
2026-05-12 12:51:15,447 - server - INFO - Object storage initialized successfully
INFO:     Application startup complete.
ERROR:    Traceback (most recent call last):
  File "C:\Python314\Lib\asyncio\runners.py", line 204, in run
    return runner.run(main)
           ~~~~~~~~~~^^^^^^
  File "C:\Python314\Lib\asyncio\runners.py", line 127, in run
    return self._loop.run_until_complete(task)
           ~~~~~~~~~~~~~~~~~~~~~~~~~~~~~^^^^^^
  File "C:\Python314\Lib\asyncio\base_events.py", line 706, in run_until_complete
    self.run_forever()
    ~~~~~~~~~~~~~~~~^^
  File "C:\Python314\Lib\asyncio\base_events.py", line 677, in run_forever
    self._run_once()
    ~~~~~~~~~~~~~~^^
  File "C:\Python314\Lib\asyncio\base_events.py", line 2008, in _run_once
    event_list = self._selector.select(timeout)
  File "C:\Python314\Lib\selectors.py", line 314, in select
    r, w, _ = self._select(self._readers, self._writers, [], timeout)
              ~~~~~~~~~~~~^^^^^^^^^^^^^^^^^^^^^^^^^^^^^^^^^^^^^^^^^^^
  File "C:\Python314\Lib\selectors.py", line 305, in _select
    r, w, x = select.select(r, w, w, timeout)
              ~~~~~~~~~~~~~^^^^^^^^^^^^^^^^^^
OSError: [WinError 10055] An operation on a socket could not be performed because the system lacked sufficient buffer space or because a queue was full

During handling of the above exception, another exception occurred:

Traceback (most recent call last):
  File "C:\Users\matri\AppData\Roaming\Python\Python314\site-packages\starlette\routing.py", line 645, in lifespan
    await receive()
  File "C:\Users\matri\AppData\Roaming\Python\Python314\site-packages\uvicorn\lifespan\on.py", line 137, in receive
    return await self.receive_queue.get()
           ^^^^^^^^^^^^^^^^^^^^^^^^^^^^^^
  File "C:\Python314\Lib\asyncio\queues.py", line 186, in get
    await getter
asyncio.exceptions.CancelledError

Process SpawnProcess-1:
Traceback (most recent call last):
  File "C:\Python314\Lib\multiprocessing\process.py", line 320, in _bootstrap
    self.run()
    ~~~~~~~~^^
  File "C:\Python314\Lib\multiprocessing\process.py", line 108, in run
    self._target(*self._args, **self._kwargs)
    ~~~~~~~~~~~~^^^^^^^^^^^^^^^^^^^^^^^^^^^^^
  File "C:\Users\matri\AppData\Roaming\Python\Python314\site-packages\uvicorn\_subprocess.py", line 80, in subprocess_started
    target(sockets=sockets)
    ~~~~~~^^^^^^^^^^^^^^^^^
  File "C:\Users\matri\AppData\Roaming\Python\Python314\site-packages\uvicorn\server.py", line 75, in run
    return asyncio_run(self.serve(sockets=sockets), loop_factory=self.config.get_loop_factory())
  File "C:\Python314\Lib\asyncio\runners.py", line 204, in run
    return runner.run(main)
           ~~~~~~~~~~^^^^^^
  File "C:\Python314\Lib\asyncio\runners.py", line 127, in run
    return self._loop.run_until_complete(task)
           ~~~~~~~~~~~~~~~~~~~~~~~~~~~~~^^^^^^
  File "C:\Python314\Lib\asyncio\base_events.py", line 706, in run_until_complete
    self.run_forever()
    ~~~~~~~~~~~~~~~~^^
  File "C:\Python314\Lib\asyncio\base_events.py", line 677, in run_forever
    self._run_once()
    ~~~~~~~~~~~~~~^^
  File "C:\Python314\Lib\asyncio\base_events.py", line 2008, in _run_once
    event_list = self._selector.select(timeout)
  File "C:\Python314\Lib\selectors.py", line 314, in select
    r, w, _ = self._select(self._readers, self._writers, [], timeout)
              ~~~~~~~~~~~~^^^^^^^^^^^^^^^^^^^^^^^^^^^^^^^^^^^^^^^^^^^
  File "C:\Python314\Lib\selectors.py", line 305, in _select
    r, w, x = select.select(r, w, w, timeout)
              ~~~~~~~~~~~~~^^^^^^^^^^^^^^^^^^
OSError: [WinError 10055] An operation on a socket could not be performed because the system lacked sufficient buffer space or because a queue was full
WARNING:  StatReload detected changes in 'db_client.py'. Reloading...
WARNING:  StatReload detected changes in 'run.py'. Reloading...
INFO:     Started server process [13660]
INFO:     Waiting for application startup.
ERROR:    Traceback (most recent call last):
  File "C:\Users\matri\AppData\Roaming\Python\Python314\site-packages\starlette\routing.py", line 638, in lifespan
    async with self.lifespan_context(app) as maybe_state:
               ~~~~~~~~~~~~~~~~~~~~~^^^^^
  File "C:\Python314\Lib\contextlib.py", line 214, in __aenter__
    return await anext(self.gen)
           ^^^^^^^^^^^^^^^^^^^^^
  File "C:\Users\matri\AppData\Roaming\Python\Python314\site-packages\fastapi\routing.py", line 216, in merged_lifespan
    async with original_context(app) as maybe_original_state:
               ~~~~~~~~~~~~~~~~^^^^^
  File "C:\Users\matri\AppData\Roaming\Python\Python314\site-packages\fastapi\routing.py", line 241, in __aenter__
    await self._router._startup()
  File "C:\Users\matri\AppData\Roaming\Python\Python314\site-packages\fastapi\routing.py", line 4884, in _startup
    await handler()
  File "C:\Users\matri\FINALCKP\backend\server.py", line 1496, in startup_event
    await init_db()
  File "C:\Users\matri\FINALCKP\backend\db_client.py", line 17, in init_db
    raise ValueError("SUPABASE_URL and SUPABASE_SERVICE_ROLE_KEY must be set in backend/.env")
ValueError: SUPABASE_URL and SUPABASE_SERVICE_ROLE_KEY must be set in backend/.env

ERROR:    Application startup failed. Exiting.
INFO:     Started server process [1912]
INFO:     Waiting for application startup.
ERROR:    Traceback (most recent call last):
  File "C:\Users\matri\AppData\Roaming\Python\Python314\site-packages\starlette\routing.py", line 638, in lifespan
    async with self.lifespan_context(app) as maybe_state:
               ~~~~~~~~~~~~~~~~~~~~~^^^^^
  File "C:\Python314\Lib\contextlib.py", line 214, in __aenter__
    return await anext(self.gen)
           ^^^^^^^^^^^^^^^^^^^^^
  File "C:\Users\matri\AppData\Roaming\Python\Python314\site-packages\fastapi\routing.py", line 216, in merged_lifespan
    async with original_context(app) as maybe_original_state:
               ~~~~~~~~~~~~~~~~^^^^^
  File "C:\Users\matri\AppData\Roaming\Python\Python314\site-packages\fastapi\routing.py", line 241, in __aenter__
    await self._router._startup()
  File "C:\Users\matri\AppData\Roaming\Python\Python314\site-packages\fastapi\routing.py", line 4884, in _startup
    await handler()
  File "C:\Users\matri\FINALCKP\backend\server.py", line 1496, in startup_event
    await init_db()
  File "C:\Users\matri\FINALCKP\backend\db_client.py", line 17, in init_db
    raise ValueError("SUPABASE_URL and SUPABASE_SERVICE_ROLE_KEY must be set in backend/.env")
ValueError: SUPABASE_URL and SUPABASE_SERVICE_ROLE_KEY must be set in backend/.env

ERROR:    Application startup failed. Exiting.
